{"C:\\Users\\alyousse\\source\\repos\\github\\D365-Monitoring\\Dynamics365.Monitoring.WebResources\\src\\js\\trackTelemetry.js": {"path":"C:\\Users\\alyousse\\source\\repos\\github\\D365-Monitoring\\Dynamics365.Monitoring.WebResources\\src\\js\\trackTelemetry.js","statementMap":{"0":{"start":{"line":7,"column":19},"end":{"line":39,"column":6}},"1":{"start":{"line":10,"column":4},"end":{"line":10,"column":155}},"2":{"start":{"line":11,"column":30},"end":{"line":11,"column":86}},"3":{"start":{"line":13,"column":28},"end":{"line":18,"column":5}},"4":{"start":{"line":20,"column":20},"end":{"line":28,"column":5}},"5":{"start":{"line":31,"column":2},"end":{"line":38,"column":19}},"6":{"start":{"line":31,"column":25},"end":{"line":31,"column":35}},"7":{"start":{"line":31,"column":38},"end":{"line":31,"column":46}},"8":{"start":{"line":31,"column":49},"end":{"line":31,"column":69}},"9":{"start":{"line":31,"column":72},"end":{"line":31,"column":91}},"10":{"start":{"line":31,"column":94},"end":{"line":31,"column":120}},"11":{"start":{"line":31,"column":123},"end":{"line":31,"column":135}},"12":{"start":{"line":31,"column":138},"end":{"line":31,"column":151}},"13":{"start":{"line":31,"column":154},"end":{"line":31,"column":167}},"14":{"start":{"line":31,"column":170},"end":{"line":31,"column":176}},"15":{"start":{"line":31,"column":179},"end":{"line":31,"column":195}},"16":{"start":{"line":31,"column":198},"end":{"line":31,"column":219}},"17":{"start":{"line":31,"column":220},"end":{"line":31,"column":245}},"18":{"start":{"line":31,"column":251},"end":{"line":31,"column":3658}},"19":{"start":{"line":31,"column":275},"end":{"line":31,"column":277}},"20":{"start":{"line":31,"column":280},"end":{"line":31,"column":282}},"21":{"start":{"line":31,"column":285},"end":{"line":31,"column":335}},"22":{"start":{"line":31,"column":358},"end":{"line":31,"column":360}},"23":{"start":{"line":31,"column":363},"end":{"line":31,"column":372}},"24":{"start":{"line":31,"column":373},"end":{"line":31,"column":948}},"25":{"start":{"line":31,"column":552},"end":{"line":31,"column":560}},"26":{"start":{"line":31,"column":581},"end":{"line":31,"column":585}},"27":{"start":{"line":31,"column":586},"end":{"line":31,"column":618}},"28":{"start":{"line":31,"column":619},"end":{"line":31,"column":828}},"29":{"start":{"line":31,"column":955},"end":{"line":31,"column":967}},"30":{"start":{"line":31,"column":968},"end":{"line":31,"column":2841}},"31":{"start":{"line":31,"column":1014},"end":{"line":31,"column":2404}},"32":{"start":{"line":31,"column":1062},"end":{"line":31,"column":1064}},"33":{"start":{"line":31,"column":1067},"end":{"line":31,"column":1085}},"34":{"start":{"line":31,"column":1086},"end":{"line":31,"column":1190}},"35":{"start":{"line":31,"column":1091},"end":{"line":31,"column":1190}},"36":{"start":{"line":31,"column":1101},"end":{"line":31,"column":1113}},"37":{"start":{"line":31,"column":1116},"end":{"line":31,"column":1117}},"38":{"start":{"line":31,"column":1140},"end":{"line":31,"column":1155}},"39":{"start":{"line":31,"column":1156},"end":{"line":31,"column":1189}},"40":{"start":{"line":31,"column":1190},"end":{"line":31,"column":1311}},"41":{"start":{"line":31,"column":1206},"end":{"line":31,"column":1222}},"42":{"start":{"line":31,"column":1225},"end":{"line":31,"column":1242}},"43":{"start":{"line":31,"column":1243},"end":{"line":31,"column":1310}},"44":{"start":{"line":31,"column":1311},"end":{"line":31,"column":1319}},"45":{"start":{"line":31,"column":1876},"end":{"line":31,"column":1890}},"46":{"start":{"line":31,"column":1893},"end":{"line":31,"column":1899}},"47":{"start":{"line":31,"column":1900},"end":{"line":31,"column":1925}},"48":{"start":{"line":31,"column":1931},"end":{"line":31,"column":1941}},"49":{"start":{"line":31,"column":1942},"end":{"line":31,"column":2139}},"50":{"start":{"line":31,"column":2165},"end":{"line":31,"column":2397}},"51":{"start":{"line":31,"column":2180},"end":{"line":31,"column":2187}},"52":{"start":{"line":31,"column":2188},"end":{"line":31,"column":2396}},"53":{"start":{"line":31,"column":2204},"end":{"line":31,"column":2255}},"54":{"start":{"line":31,"column":2260},"end":{"line":31,"column":2396}},"55":{"start":{"line":31,"column":2285},"end":{"line":31,"column":2303}},"56":{"start":{"line":31,"column":2304},"end":{"line":31,"column":2395}},"57":{"start":{"line":31,"column":2421},"end":{"line":31,"column":2467}},"58":{"start":{"line":31,"column":2446},"end":{"line":31,"column":2461}},"59":{"start":{"line":31,"column":2474},"end":{"line":31,"column":2697}},"60":{"start":{"line":31,"column":2491},"end":{"line":31,"column":2509}},"61":{"start":{"line":31,"column":2510},"end":{"line":31,"column":2518}},"62":{"start":{"line":31,"column":2524},"end":{"line":31,"column":2528}},"63":{"start":{"line":31,"column":2529},"end":{"line":31,"column":2694}},"64":{"start":{"line":31,"column":2633},"end":{"line":31,"column":2691}},"65":{"start":{"line":31,"column":2698},"end":{"line":31,"column":2840}},"66":{"start":{"line":31,"column":2776},"end":{"line":31,"column":2830}},"67":{"start":{"line":31,"column":2841},"end":{"line":31,"column":2873}},"68":{"start":{"line":31,"column":2845},"end":{"line":31,"column":2862}},"69":{"start":{"line":31,"column":2887},"end":{"line":31,"column":3002}},"70":{"start":{"line":31,"column":2902},"end":{"line":31,"column":3002}},"71":{"start":{"line":31,"column":2915},"end":{"line":31,"column":2992}},"72":{"start":{"line":31,"column":2937},"end":{"line":31,"column":2946}},"73":{"start":{"line":31,"column":2947},"end":{"line":31,"column":2991}},"74":{"start":{"line":31,"column":2974},"end":{"line":31,"column":2989}},"75":{"start":{"line":31,"column":3009},"end":{"line":31,"column":3016}},"76":{"start":{"line":31,"column":3019},"end":{"line":31,"column":3030}},"77":{"start":{"line":31,"column":3033},"end":{"line":31,"column":3045}},"78":{"start":{"line":31,"column":3046},"end":{"line":31,"column":3357}},"79":{"start":{"line":31,"column":3363},"end":{"line":31,"column":3419}},"80":{"start":{"line":31,"column":3420},"end":{"line":31,"column":3642}},"81":{"start":{"line":31,"column":3451},"end":{"line":31,"column":3460}},"82":{"start":{"line":31,"column":3461},"end":{"line":31,"column":3472}},"83":{"start":{"line":31,"column":3478},"end":{"line":31,"column":3482}},"84":{"start":{"line":31,"column":3483},"end":{"line":31,"column":3641}},"85":{"start":{"line":31,"column":3514},"end":{"line":31,"column":3529}},"86":{"start":{"line":31,"column":3530},"end":{"line":31,"column":3609}},"87":{"start":{"line":31,"column":3642},"end":{"line":31,"column":3650}},"88":{"start":{"line":31,"column":3672},"end":{"line":31,"column":3693}},"89":{"start":{"line":31,"column":3694},"end":{"line":31,"column":3770}},"90":{"start":{"line":43,"column":19},"end":{"line":43,"column":76}},"91":{"start":{"line":45,"column":4},"end":{"line":45,"column":55}},"92":{"start":{"line":48,"column":52},"end":{"line":55,"column":1}},"93":{"start":{"line":50,"column":4},"end":{"line":51,"column":39}},"94":{"start":{"line":58,"column":4},"end":{"line":58,"column":25}},"95":{"start":{"line":59,"column":4},"end":{"line":59,"column":57}},"96":{"start":{"line":59,"column":24},"end":{"line":59,"column":46}},"97":{"start":{"line":68,"column":4},"end":{"line":160,"column":5}},"98":{"start":{"line":69,"column":28},"end":{"line":69,"column":58}},"99":{"start":{"line":70,"column":29},"end":{"line":70,"column":80}},"100":{"start":{"line":71,"column":35},"end":{"line":71,"column":86}},"101":{"start":{"line":72,"column":27},"end":{"line":72,"column":70}},"102":{"start":{"line":73,"column":28},"end":{"line":73,"column":65}},"103":{"start":{"line":75,"column":23},"end":{"line":75,"column":44}},"104":{"start":{"line":76,"column":29},"end":{"line":76,"column":64}},"105":{"start":{"line":78,"column":8},"end":{"line":93,"column":10}},"106":{"start":{"line":97,"column":25},"end":{"line":97,"column":61}},"107":{"start":{"line":98,"column":27},"end":{"line":98,"column":65}},"108":{"start":{"line":100,"column":30},"end":{"line":100,"column":71}},"109":{"start":{"line":101,"column":24},"end":{"line":101,"column":63}},"110":{"start":{"line":102,"column":23},"end":{"line":102,"column":73}},"111":{"start":{"line":103,"column":24},"end":{"line":103,"column":62}},"112":{"start":{"line":105,"column":33},"end":{"line":105,"column":113}},"113":{"start":{"line":106,"column":29},"end":{"line":106,"column":108}},"114":{"start":{"line":107,"column":34},"end":{"line":107,"column":112}},"115":{"start":{"line":108,"column":29},"end":{"line":108,"column":105}},"116":{"start":{"line":109,"column":29},"end":{"line":109,"column":105}},"117":{"start":{"line":110,"column":27},"end":{"line":110,"column":106}},"118":{"start":{"line":111,"column":28},"end":{"line":111,"column":71}},"119":{"start":{"line":112,"column":29},"end":{"line":112,"column":63}},"120":{"start":{"line":116,"column":52},"end":{"line":116,"column":60}},"121":{"start":{"line":117,"column":8},"end":{"line":117,"column":106}},"122":{"start":{"line":118,"column":8},"end":{"line":118,"column":102}},"123":{"start":{"line":119,"column":8},"end":{"line":119,"column":103}},"124":{"start":{"line":120,"column":8},"end":{"line":120,"column":99}},"125":{"start":{"line":121,"column":8},"end":{"line":121,"column":98}},"126":{"start":{"line":122,"column":8},"end":{"line":122,"column":96}},"127":{"start":{"line":123,"column":8},"end":{"line":123,"column":110}},"128":{"start":{"line":124,"column":8},"end":{"line":124,"column":106}},"129":{"start":{"line":125,"column":8},"end":{"line":125,"column":100}},"130":{"start":{"line":126,"column":8},"end":{"line":126,"column":96}},"131":{"start":{"line":128,"column":27},"end":{"line":140,"column":9}},"132":{"start":{"line":143,"column":8},"end":{"line":143,"column":35}},"133":{"start":{"line":145,"column":8},"end":{"line":145,"column":36}},"134":{"start":{"line":147,"column":8},"end":{"line":154,"column":9}},"135":{"start":{"line":148,"column":28},"end":{"line":148,"column":75}},"136":{"start":{"line":150,"column":12},"end":{"line":153,"column":15}},"137":{"start":{"line":152,"column":16},"end":{"line":152,"column":247}},"138":{"start":{"line":159,"column":8},"end":{"line":159,"column":63}},"139":{"start":{"line":166,"column":4},"end":{"line":267,"column":5}},"140":{"start":{"line":168,"column":12},"end":{"line":168,"column":73}},"141":{"start":{"line":170,"column":12},"end":{"line":170,"column":70}},"142":{"start":{"line":171,"column":32},"end":{"line":171,"column":62}},"143":{"start":{"line":172,"column":33},"end":{"line":172,"column":84}},"144":{"start":{"line":173,"column":39},"end":{"line":173,"column":90}},"145":{"start":{"line":174,"column":31},"end":{"line":174,"column":74}},"146":{"start":{"line":175,"column":32},"end":{"line":175,"column":69}},"147":{"start":{"line":177,"column":27},"end":{"line":177,"column":48}},"148":{"start":{"line":178,"column":33},"end":{"line":178,"column":68}},"149":{"start":{"line":180,"column":8},"end":{"line":197,"column":10}},"150":{"start":{"line":199,"column":8},"end":{"line":199,"column":109}},"151":{"start":{"line":200,"column":8},"end":{"line":200,"column":128}},"152":{"start":{"line":202,"column":12},"end":{"line":202,"column":68}},"153":{"start":{"line":207,"column":12},"end":{"line":207,"column":67}},"154":{"start":{"line":208,"column":12},"end":{"line":208,"column":35}},"155":{"start":{"line":209,"column":12},"end":{"line":209,"column":65}},"156":{"start":{"line":213,"column":12},"end":{"line":213,"column":65}},"157":{"start":{"line":217,"column":29},"end":{"line":217,"column":65}},"158":{"start":{"line":218,"column":31},"end":{"line":218,"column":69}},"159":{"start":{"line":220,"column":34},"end":{"line":220,"column":75}},"160":{"start":{"line":221,"column":28},"end":{"line":221,"column":67}},"161":{"start":{"line":222,"column":27},"end":{"line":222,"column":77}},"162":{"start":{"line":223,"column":28},"end":{"line":223,"column":66}},"163":{"start":{"line":225,"column":37},"end":{"line":225,"column":117}},"164":{"start":{"line":226,"column":33},"end":{"line":226,"column":112}},"165":{"start":{"line":227,"column":38},"end":{"line":227,"column":116}},"166":{"start":{"line":228,"column":33},"end":{"line":228,"column":109}},"167":{"start":{"line":229,"column":33},"end":{"line":229,"column":109}},"168":{"start":{"line":230,"column":31},"end":{"line":230,"column":110}},"169":{"start":{"line":231,"column":32},"end":{"line":231,"column":75}},"170":{"start":{"line":232,"column":33},"end":{"line":232,"column":67}},"171":{"start":{"line":233,"column":31},"end":{"line":245,"column":13}},"172":{"start":{"line":246,"column":8},"end":{"line":246,"column":117}},"173":{"start":{"line":248,"column":12},"end":{"line":248,"column":63}},"174":{"start":{"line":252,"column":12},"end":{"line":252,"column":66}},"175":{"start":{"line":253,"column":12},"end":{"line":253,"column":33}},"176":{"start":{"line":254,"column":12},"end":{"line":254,"column":64}},"177":{"start":{"line":258,"column":12},"end":{"line":258,"column":69}},"178":{"start":{"line":259,"column":12},"end":{"line":259,"column":36}},"179":{"start":{"line":260,"column":12},"end":{"line":260,"column":67}},"180":{"start":{"line":266,"column":8},"end":{"line":266,"column":38}},"181":{"start":{"line":273,"column":21},"end":{"line":277,"column":5}},"182":{"start":{"line":278,"column":4},"end":{"line":278,"column":60}},"183":{"start":{"line":282,"column":21},"end":{"line":291,"column":5}},"184":{"start":{"line":292,"column":4},"end":{"line":292,"column":60}},"185":{"start":{"line":303,"column":4},"end":{"line":303,"column":65}},"186":{"start":{"line":304,"column":4},"end":{"line":324,"column":5}},"187":{"start":{"line":306,"column":30},"end":{"line":306,"column":68}},"188":{"start":{"line":307,"column":8},"end":{"line":307,"column":47}},"189":{"start":{"line":308,"column":8},"end":{"line":308,"column":87}},"190":{"start":{"line":309,"column":8},"end":{"line":321,"column":9}},"191":{"start":{"line":310,"column":12},"end":{"line":320,"column":14}},"192":{"start":{"line":312,"column":20},"end":{"line":315,"column":23}},"193":{"start":{"line":318,"column":20},"end":{"line":318,"column":76}},"194":{"start":{"line":323,"column":8},"end":{"line":323,"column":38}},"195":{"start":{"line":325,"column":4},"end":{"line":325,"column":63}},"196":{"start":{"line":329,"column":4},"end":{"line":329,"column":58}},"197":{"start":{"line":330,"column":4},"end":{"line":334,"column":5}},"198":{"start":{"line":331,"column":8},"end":{"line":331,"column":35}},"199":{"start":{"line":333,"column":8},"end":{"line":333,"column":38}},"200":{"start":{"line":335,"column":4},"end":{"line":335,"column":56}},"201":{"start":{"line":339,"column":4},"end":{"line":339,"column":56}},"202":{"start":{"line":340,"column":4},"end":{"line":360,"column":5}},"203":{"start":{"line":344,"column":24},"end":{"line":344,"column":71}},"204":{"start":{"line":345,"column":8},"end":{"line":356,"column":9}},"205":{"start":{"line":346,"column":12},"end":{"line":346,"column":62}},"206":{"start":{"line":348,"column":13},"end":{"line":356,"column":9}},"207":{"start":{"line":349,"column":12},"end":{"line":349,"column":57}},"208":{"start":{"line":352,"column":12},"end":{"line":352,"column":96}},"209":{"start":{"line":353,"column":12},"end":{"line":355,"column":15}},"210":{"start":{"line":354,"column":16},"end":{"line":354,"column":247}},"211":{"start":{"line":359,"column":8},"end":{"line":359,"column":38}},"212":{"start":{"line":361,"column":4},"end":{"line":361,"column":54}},"213":{"start":{"line":365,"column":4},"end":{"line":365,"column":55}},"214":{"start":{"line":366,"column":4},"end":{"line":370,"column":5}},"215":{"start":{"line":367,"column":8},"end":{"line":367,"column":46}},"216":{"start":{"line":369,"column":8},"end":{"line":369,"column":38}},"217":{"start":{"line":371,"column":4},"end":{"line":371,"column":53}},"218":{"start":{"line":375,"column":4},"end":{"line":375,"column":57}},"219":{"start":{"line":376,"column":4},"end":{"line":383,"column":5}},"220":{"start":{"line":378,"column":8},"end":{"line":380,"column":11}},"221":{"start":{"line":379,"column":12},"end":{"line":379,"column":95}},"222":{"start":{"line":382,"column":8},"end":{"line":382,"column":38}},"223":{"start":{"line":384,"column":4},"end":{"line":384,"column":55}},"224":{"start":{"line":387,"column":24},"end":{"line":387,"column":54}},"225":{"start":{"line":388,"column":25},"end":{"line":388,"column":76}},"226":{"start":{"line":389,"column":31},"end":{"line":389,"column":82}},"227":{"start":{"line":390,"column":23},"end":{"line":390,"column":66}},"228":{"start":{"line":391,"column":24},"end":{"line":391,"column":61}},"229":{"start":{"line":393,"column":19},"end":{"line":393,"column":40}},"230":{"start":{"line":394,"column":25},"end":{"line":394,"column":60}},"231":{"start":{"line":396,"column":4},"end":{"line":412,"column":6}},"232":{"start":{"line":413,"column":4},"end":{"line":413,"column":199}},"233":{"start":{"line":417,"column":4},"end":{"line":417,"column":53}},"234":{"start":{"line":418,"column":4},"end":{"line":479,"column":5}},"235":{"start":{"line":419,"column":18},"end":{"line":419,"column":38}},"236":{"start":{"line":420,"column":8},"end":{"line":420,"column":97}},"237":{"start":{"line":421,"column":8},"end":{"line":421,"column":56}},"238":{"start":{"line":422,"column":8},"end":{"line":422,"column":53}},"239":{"start":{"line":423,"column":8},"end":{"line":423,"column":59}},"240":{"start":{"line":424,"column":8},"end":{"line":424,"column":80}},"241":{"start":{"line":425,"column":8},"end":{"line":473,"column":10}},"242":{"start":{"line":426,"column":12},"end":{"line":472,"column":13}},"243":{"start":{"line":427,"column":16},"end":{"line":427,"column":46}},"244":{"start":{"line":428,"column":16},"end":{"line":470,"column":17}},"245":{"start":{"line":429,"column":47},"end":{"line":429,"column":116}},"246":{"start":{"line":430,"column":40},"end":{"line":430,"column":81}},"247":{"start":{"line":431,"column":34},"end":{"line":431,"column":42}},"248":{"start":{"line":433,"column":20},"end":{"line":433,"column":41}},"249":{"start":{"line":434,"column":20},"end":{"line":434,"column":49}},"250":{"start":{"line":435,"column":20},"end":{"line":435,"column":114}},"251":{"start":{"line":436,"column":20},"end":{"line":436,"column":50}},"252":{"start":{"line":438,"column":20},"end":{"line":463,"column":21}},"253":{"start":{"line":440,"column":24},"end":{"line":449,"column":31}},"254":{"start":{"line":452,"column":58},"end":{"line":452,"column":113}},"255":{"start":{"line":453,"column":24},"end":{"line":462,"column":31}},"256":{"start":{"line":474,"column":8},"end":{"line":474,"column":80}},"257":{"start":{"line":475,"column":8},"end":{"line":475,"column":31}},"258":{"start":{"line":476,"column":8},"end":{"line":476,"column":19}},"259":{"start":{"line":478,"column":8},"end":{"line":478,"column":38}},"260":{"start":{"line":480,"column":4},"end":{"line":480,"column":51}},"261":{"start":{"line":485,"column":4},"end":{"line":485,"column":99}},"262":{"start":{"line":488,"column":4},"end":{"line":490,"column":5}},"263":{"start":{"line":489,"column":24},"end":{"line":489,"column":71}},"264":{"start":{"line":497,"column":23},"end":{"line":501,"column":5}},"265":{"start":{"line":502,"column":4},"end":{"line":502,"column":233}},"266":{"start":{"line":503,"column":4},"end":{"line":503,"column":215}},"267":{"start":{"line":504,"column":4},"end":{"line":504,"column":46}},"268":{"start":{"line":509,"column":31},"end":{"line":509,"column":82}},"269":{"start":{"line":510,"column":23},"end":{"line":510,"column":66}},"270":{"start":{"line":511,"column":24},"end":{"line":511,"column":61}},"271":{"start":{"line":513,"column":19},"end":{"line":513,"column":40}},"272":{"start":{"line":514,"column":25},"end":{"line":514,"column":60}},"273":{"start":{"line":522,"column":4},"end":{"line":531,"column":5}},"274":{"start":{"line":523,"column":8},"end":{"line":530,"column":10}},"275":{"start":{"line":538,"column":4},"end":{"line":538,"column":77}},"276":{"start":{"line":545,"column":16},"end":{"line":545,"column":26}},"277":{"start":{"line":546,"column":4},"end":{"line":546,"column":75}},"278":{"start":{"line":546,"column":40},"end":{"line":546,"column":73}},"279":{"start":{"line":547,"column":4},"end":{"line":547,"column":89}},"280":{"start":{"line":548,"column":4},"end":{"line":548,"column":89}},"281":{"start":{"line":549,"column":4},"end":{"line":549,"column":89}},"282":{"start":{"line":550,"column":4},"end":{"line":550,"column":89}},"283":{"start":{"line":551,"column":4},"end":{"line":551,"column":89}},"284":{"start":{"line":556,"column":21},"end":{"line":556,"column":40}},"285":{"start":{"line":558,"column":17},"end":{"line":558,"column":20}},"286":{"start":{"line":560,"column":14},"end":{"line":560,"column":34}},"287":{"start":{"line":561,"column":4},"end":{"line":561,"column":112}},"288":{"start":{"line":562,"column":4},"end":{"line":562,"column":52}},"289":{"start":{"line":563,"column":4},"end":{"line":563,"column":49}},"290":{"start":{"line":564,"column":4},"end":{"line":564,"column":55}},"291":{"start":{"line":565,"column":4},"end":{"line":565,"column":76}},"292":{"start":{"line":566,"column":4},"end":{"line":598,"column":6}},"293":{"start":{"line":567,"column":8},"end":{"line":597,"column":9}},"294":{"start":{"line":568,"column":12},"end":{"line":568,"column":42}},"295":{"start":{"line":569,"column":12},"end":{"line":569,"column":33}},"296":{"start":{"line":570,"column":27},"end":{"line":570,"column":46}},"297":{"start":{"line":571,"column":12},"end":{"line":578,"column":13}},"298":{"start":{"line":572,"column":26},"end":{"line":572,"column":66}},"299":{"start":{"line":573,"column":29},"end":{"line":573,"column":42}},"300":{"start":{"line":574,"column":30},"end":{"line":574,"column":46}},"301":{"start":{"line":575,"column":34},"end":{"line":575,"column":44}},"302":{"start":{"line":579,"column":12},"end":{"line":595,"column":13}},"303":{"start":{"line":580,"column":16},"end":{"line":585,"column":46}},"304":{"start":{"line":588,"column":50},"end":{"line":588,"column":105}},"305":{"start":{"line":589,"column":16},"end":{"line":594,"column":108}},"306":{"start":{"line":596,"column":12},"end":{"line":596,"column":201}},"307":{"start":{"line":599,"column":4},"end":{"line":599,"column":27}},"308":{"start":{"line":600,"column":4},"end":{"line":600,"column":156}},"309":{"start":{"line":601,"column":4},"end":{"line":601,"column":37}},"310":{"start":{"line":613,"column":8},"end":{"line":637,"column":11}},"311":{"start":{"line":614,"column":22},"end":{"line":614,"column":42}},"312":{"start":{"line":615,"column":12},"end":{"line":615,"column":179}},"313":{"start":{"line":616,"column":12},"end":{"line":616,"column":60}},"314":{"start":{"line":617,"column":12},"end":{"line":617,"column":57}},"315":{"start":{"line":618,"column":12},"end":{"line":618,"column":63}},"316":{"start":{"line":619,"column":12},"end":{"line":619,"column":84}},"317":{"start":{"line":620,"column":12},"end":{"line":634,"column":14}},"318":{"start":{"line":621,"column":16},"end":{"line":632,"column":17}},"319":{"start":{"line":622,"column":20},"end":{"line":622,"column":50}},"320":{"start":{"line":623,"column":20},"end":{"line":630,"column":21}},"321":{"start":{"line":624,"column":50},"end":{"line":624,"column":93}},"322":{"start":{"line":625,"column":24},"end":{"line":625,"column":53}},"323":{"start":{"line":629,"column":24},"end":{"line":629,"column":33}},"324":{"start":{"line":635,"column":12},"end":{"line":635,"column":23}},"325":{"start":{"line":670,"column":4},"end":{"line":700,"column":6}},"326":{"start":{"line":671,"column":18},"end":{"line":671,"column":38}},"327":{"start":{"line":672,"column":8},"end":{"line":672,"column":159}},"328":{"start":{"line":674,"column":8},"end":{"line":674,"column":56}},"329":{"start":{"line":675,"column":8},"end":{"line":675,"column":53}},"330":{"start":{"line":676,"column":8},"end":{"line":676,"column":59}},"331":{"start":{"line":677,"column":8},"end":{"line":677,"column":80}},"332":{"start":{"line":678,"column":8},"end":{"line":695,"column":10}},"333":{"start":{"line":679,"column":12},"end":{"line":693,"column":13}},"334":{"start":{"line":681,"column":16},"end":{"line":691,"column":17}},"335":{"start":{"line":682,"column":46},"end":{"line":682,"column":83}},"336":{"start":{"line":683,"column":56},"end":{"line":683,"column":107}},"337":{"start":{"line":684,"column":20},"end":{"line":684,"column":65}},"338":{"start":{"line":685,"column":20},"end":{"line":685,"column":66}},"339":{"start":{"line":690,"column":20},"end":{"line":690,"column":30}},"340":{"start":{"line":696,"column":8},"end":{"line":696,"column":19}},"341":{"start":{"line":706,"column":14},"end":{"line":706,"column":34}},"342":{"start":{"line":707,"column":4},"end":{"line":707,"column":90}},"343":{"start":{"line":708,"column":4},"end":{"line":708,"column":52}},"344":{"start":{"line":709,"column":4},"end":{"line":709,"column":49}},"345":{"start":{"line":710,"column":4},"end":{"line":710,"column":55}},"346":{"start":{"line":711,"column":4},"end":{"line":711,"column":76}},"347":{"start":{"line":712,"column":4},"end":{"line":755,"column":6}},"348":{"start":{"line":713,"column":8},"end":{"line":754,"column":9}},"349":{"start":{"line":714,"column":12},"end":{"line":714,"column":42}},"350":{"start":{"line":715,"column":12},"end":{"line":752,"column":13}},"351":{"start":{"line":716,"column":43},"end":{"line":716,"column":112}},"352":{"start":{"line":717,"column":36},"end":{"line":717,"column":77}},"353":{"start":{"line":718,"column":30},"end":{"line":718,"column":38}},"354":{"start":{"line":720,"column":16},"end":{"line":720,"column":37}},"355":{"start":{"line":721,"column":16},"end":{"line":721,"column":45}},"356":{"start":{"line":722,"column":16},"end":{"line":722,"column":110}},"357":{"start":{"line":723,"column":16},"end":{"line":723,"column":46}},"358":{"start":{"line":725,"column":16},"end":{"line":750,"column":17}},"359":{"start":{"line":727,"column":20},"end":{"line":732,"column":30}},"360":{"start":{"line":735,"column":54},"end":{"line":735,"column":109}},"361":{"start":{"line":736,"column":20},"end":{"line":749,"column":27}},"362":{"start":{"line":751,"column":16},"end":{"line":751,"column":130}},"363":{"start":{"line":758,"column":4},"end":{"line":758,"column":76}},"364":{"start":{"line":759,"column":4},"end":{"line":759,"column":27}},"365":{"start":{"line":760,"column":4},"end":{"line":760,"column":15}},"366":{"start":{"line":764,"column":28},"end":{"line":788,"column":12}},"367":{"start":{"line":765,"column":8},"end":{"line":785,"column":9}},"368":{"start":{"line":766,"column":12},"end":{"line":784,"column":13}},"369":{"start":{"line":767,"column":16},"end":{"line":783,"column":17}},"370":{"start":{"line":769,"column":38},"end":{"line":769,"column":70}},"371":{"start":{"line":771,"column":20},"end":{"line":771,"column":53}},"372":{"start":{"line":773,"column":20},"end":{"line":782,"column":21}},"373":{"start":{"line":774,"column":35},"end":{"line":774,"column":43}},"374":{"start":{"line":775,"column":24},"end":{"line":775,"column":51}},"375":{"start":{"line":776,"column":24},"end":{"line":776,"column":80}},"376":{"start":{"line":777,"column":24},"end":{"line":777,"column":48}},"377":{"start":{"line":778,"column":24},"end":{"line":778,"column":70}},"378":{"start":{"line":779,"column":24},"end":{"line":780,"column":80}},"379":{"start":{"line":781,"column":24},"end":{"line":781,"column":81}},"380":{"start":{"line":795,"column":0},"end":{"line":795,"column":24}}},"fnMap":{"0":{"name":"test","decl":{"start":{"line":2,"column":9},"end":{"line":2,"column":13}},"loc":{"start":{"line":2,"column":22},"end":{"line":3,"column":1}},"line":2},"1":{"name":"captureTelemetry","decl":{"start":{"line":4,"column":9},"end":{"line":4,"column":25}},"loc":{"start":{"line":4,"column":39},"end":{"line":40,"column":1}},"line":4},"2":{"name":"(anonymous_2)","decl":{"start":{"line":9,"column":0},"end":{"line":9,"column":1}},"loc":{"start":{"line":9,"column":13},"end":{"line":39,"column":5}},"line":9},"3":{"name":"(anonymous_3)","decl":{"start":{"line":31,"column":3},"end":{"line":31,"column":4}},"loc":{"start":{"line":31,"column":18},"end":{"line":31,"column":3771}},"line":31},"4":{"name":"(anonymous_4)","decl":{"start":{"line":31,"column":257},"end":{"line":31,"column":258}},"loc":{"start":{"line":31,"column":268},"end":{"line":31,"column":3651}},"line":31},"5":{"name":"v","decl":{"start":{"line":31,"column":345},"end":{"line":31,"column":346}},"loc":{"start":{"line":31,"column":351},"end":{"line":31,"column":949}},"line":31},"6":{"name":"(anonymous_6)","decl":{"start":{"line":31,"column":535},"end":{"line":31,"column":536}},"loc":{"start":{"line":31,"column":545},"end":{"line":31,"column":829}},"line":31},"7":{"name":"t","decl":{"start":{"line":31,"column":570},"end":{"line":31,"column":571}},"loc":{"start":{"line":31,"column":574},"end":{"line":31,"column":619}},"line":31},"8":{"name":"a","decl":{"start":{"line":31,"column":983},"end":{"line":31,"column":984}},"loc":{"start":{"line":31,"column":987},"end":{"line":31,"column":2405}},"line":31},"9":{"name":"(anonymous_9)","decl":{"start":{"line":31,"column":1045},"end":{"line":31,"column":1046}},"loc":{"start":{"line":31,"column":1055},"end":{"line":31,"column":1320}},"line":31},"10":{"name":"(anonymous_10)","decl":{"start":{"line":31,"column":1852},"end":{"line":31,"column":1853}},"loc":{"start":{"line":31,"column":1869},"end":{"line":31,"column":2140}},"line":31},"11":{"name":"(anonymous_11)","decl":{"start":{"line":31,"column":2151},"end":{"line":31,"column":2152}},"loc":{"start":{"line":31,"column":2164},"end":{"line":31,"column":2398}},"line":31},"12":{"name":"i","decl":{"start":{"line":31,"column":2414},"end":{"line":31,"column":2415}},"loc":{"start":{"line":31,"column":2420},"end":{"line":31,"column":2468}},"line":31},"13":{"name":"(anonymous_13)","decl":{"start":{"line":31,"column":2435},"end":{"line":31,"column":2436}},"loc":{"start":{"line":31,"column":2445},"end":{"line":31,"column":2462}},"line":31},"14":{"name":"(anonymous_14)","decl":{"start":{"line":31,"column":2474},"end":{"line":31,"column":2475}},"loc":{"start":{"line":31,"column":2484},"end":{"line":31,"column":2695}},"line":31},"15":{"name":"(anonymous_15)","decl":{"start":{"line":31,"column":2619},"end":{"line":31,"column":2620}},"loc":{"start":{"line":31,"column":2632},"end":{"line":31,"column":2692}},"line":31},"16":{"name":"(anonymous_16)","decl":{"start":{"line":31,"column":2765},"end":{"line":31,"column":2766}},"loc":{"start":{"line":31,"column":2775},"end":{"line":31,"column":2831}},"line":31},"17":{"name":"t","decl":{"start":{"line":31,"column":2882},"end":{"line":31,"column":2883}},"loc":{"start":{"line":31,"column":2886},"end":{"line":31,"column":3003}},"line":31},"18":{"name":"(anonymous_18)","decl":{"start":{"line":31,"column":2903},"end":{"line":31,"column":2904}},"loc":{"start":{"line":31,"column":2914},"end":{"line":31,"column":2993}},"line":31},"19":{"name":"(anonymous_19)","decl":{"start":{"line":31,"column":2920},"end":{"line":31,"column":2921}},"loc":{"start":{"line":31,"column":2930},"end":{"line":31,"column":2992}},"line":31},"20":{"name":"(anonymous_20)","decl":{"start":{"line":31,"column":2963},"end":{"line":31,"column":2964}},"loc":{"start":{"line":31,"column":2973},"end":{"line":31,"column":2990}},"line":31},"21":{"name":"(anonymous_21)","decl":{"start":{"line":31,"column":3488},"end":{"line":31,"column":3489}},"loc":{"start":{"line":31,"column":3507},"end":{"line":31,"column":3610}},"line":31},"22":{"name":"a","decl":{"start":{"line":31,"column":3668},"end":{"line":31,"column":3669}},"loc":{"start":{"line":31,"column":3671},"end":{"line":31,"column":3694}},"line":31},"23":{"name":"asyncRetrieveInstrumentationKeyEnvironmentVariable","decl":{"start":{"line":42,"column":15},"end":{"line":42,"column":65}},"loc":{"start":{"line":42,"column":79},"end":{"line":46,"column":1}},"line":42},"24":{"name":"(anonymous_24)","decl":{"start":{"line":48,"column":52},"end":{"line":48,"column":53}},"loc":{"start":{"line":48,"column":75},"end":{"line":55,"column":1}},"line":48},"25":{"name":"Demo_SlowPerformance_LoadForm","decl":{"start":{"line":57,"column":9},"end":{"line":57,"column":38}},"loc":{"start":{"line":57,"column":40},"end":{"line":60,"column":1}},"line":57},"26":{"name":"(anonymous_26)","decl":{"start":{"line":59,"column":15},"end":{"line":59,"column":16}},"loc":{"start":{"line":59,"column":21},"end":{"line":59,"column":48}},"line":59},"27":{"name":"uploadResourceTimings","decl":{"start":{"line":67,"column":9},"end":{"line":67,"column":30}},"loc":{"start":{"line":67,"column":44},"end":{"line":161,"column":1}},"line":67},"28":{"name":"(anonymous_28)","decl":{"start":{"line":150,"column":30},"end":{"line":150,"column":31}},"loc":{"start":{"line":150,"column":53},"end":{"line":153,"column":13}},"line":150},"29":{"name":"testApplicationInsights","decl":{"start":{"line":164,"column":9},"end":{"line":164,"column":32}},"loc":{"start":{"line":164,"column":46},"end":{"line":269,"column":1}},"line":164},"30":{"name":"successCallBackCustomEventPush","decl":{"start":{"line":272,"column":9},"end":{"line":272,"column":39}},"loc":{"start":{"line":272,"column":48},"end":{"line":279,"column":1}},"line":272},"31":{"name":"successCallBackAppPropertiesCustomEventPush","decl":{"start":{"line":281,"column":9},"end":{"line":281,"column":52}},"loc":{"start":{"line":281,"column":61},"end":{"line":293,"column":1}},"line":281},"32":{"name":"errorCallBackCustomEventPush","decl":{"start":{"line":295,"column":9},"end":{"line":295,"column":37}},"loc":{"start":{"line":295,"column":46},"end":{"line":297,"column":1}},"line":295},"33":{"name":"testTrackAvailabilityResults","decl":{"start":{"line":302,"column":9},"end":{"line":302,"column":37}},"loc":{"start":{"line":302,"column":40},"end":{"line":326,"column":1}},"line":302},"34":{"name":"success","decl":{"start":{"line":311,"column":25},"end":{"line":311,"column":32}},"loc":{"start":{"line":311,"column":43},"end":{"line":316,"column":17}},"line":311},"35":{"name":"(anonymous_35)","decl":{"start":{"line":317,"column":16},"end":{"line":317,"column":17}},"loc":{"start":{"line":317,"column":33},"end":{"line":319,"column":17}},"line":317},"36":{"name":"testTrackCustomMetric","decl":{"start":{"line":328,"column":9},"end":{"line":328,"column":30}},"loc":{"start":{"line":328,"column":33},"end":{"line":336,"column":1}},"line":328},"37":{"name":"testTrackDependency","decl":{"start":{"line":338,"column":9},"end":{"line":338,"column":28}},"loc":{"start":{"line":338,"column":31},"end":{"line":362,"column":1}},"line":338},"38":{"name":"(anonymous_38)","decl":{"start":{"line":353,"column":30},"end":{"line":353,"column":31}},"loc":{"start":{"line":353,"column":53},"end":{"line":355,"column":13}},"line":353},"39":{"name":"testTrackException","decl":{"start":{"line":364,"column":9},"end":{"line":364,"column":27}},"loc":{"start":{"line":364,"column":30},"end":{"line":372,"column":1}},"line":364},"40":{"name":"testTrackCustomEvent","decl":{"start":{"line":374,"column":9},"end":{"line":374,"column":29}},"loc":{"start":{"line":374,"column":32},"end":{"line":385,"column":1}},"line":374},"41":{"name":"(anonymous_41)","decl":{"start":{"line":378,"column":68},"end":{"line":378,"column":69}},"loc":{"start":{"line":378,"column":96},"end":{"line":380,"column":9}},"line":378},"42":{"name":"trackAttributeChange","decl":{"start":{"line":386,"column":9},"end":{"line":386,"column":29}},"loc":{"start":{"line":386,"column":43},"end":{"line":414,"column":1}},"line":386},"43":{"name":"testTrackRequest","decl":{"start":{"line":416,"column":9},"end":{"line":416,"column":25}},"loc":{"start":{"line":416,"column":28},"end":{"line":481,"column":1}},"line":416},"44":{"name":"(anonymous_44)","decl":{"start":{"line":425,"column":33},"end":{"line":425,"column":34}},"loc":{"start":{"line":425,"column":45},"end":{"line":473,"column":9}},"line":425},"45":{"name":"onSaveTrackEvent","decl":{"start":{"line":483,"column":9},"end":{"line":483,"column":25}},"loc":{"start":{"line":483,"column":44},"end":{"line":505,"column":1}},"line":483},"46":{"name":"testTrackPageView","decl":{"start":{"line":507,"column":9},"end":{"line":507,"column":26}},"loc":{"start":{"line":507,"column":74},"end":{"line":540,"column":1}},"line":507},"47":{"name":"PerformDOMLatency","decl":{"start":{"line":544,"column":9},"end":{"line":544,"column":26}},"loc":{"start":{"line":544,"column":29},"end":{"line":552,"column":1}},"line":544},"48":{"name":"createEntity","decl":{"start":{"line":554,"column":9},"end":{"line":554,"column":21}},"loc":{"start":{"line":554,"column":41},"end":{"line":606,"column":1}},"line":554},"49":{"name":"(anonymous_49)","decl":{"start":{"line":566,"column":29},"end":{"line":566,"column":30}},"loc":{"start":{"line":566,"column":41},"end":{"line":598,"column":5}},"line":566},"50":{"name":"RetrieveEnvironmentVariable","decl":{"start":{"line":608,"column":9},"end":{"line":608,"column":36}},"loc":{"start":{"line":608,"column":51},"end":{"line":642,"column":1}},"line":608},"51":{"name":"(anonymous_51)","decl":{"start":{"line":613,"column":27},"end":{"line":613,"column":28}},"loc":{"start":{"line":613,"column":52},"end":{"line":637,"column":9}},"line":613},"52":{"name":"(anonymous_52)","decl":{"start":{"line":620,"column":37},"end":{"line":620,"column":38}},"loc":{"start":{"line":620,"column":49},"end":{"line":634,"column":13}},"line":620},"53":{"name":"RetrieveEnvironmentVariableDefinition","decl":{"start":{"line":668,"column":9},"end":{"line":668,"column":46}},"loc":{"start":{"line":668,"column":61},"end":{"line":703,"column":1}},"line":668},"54":{"name":"(anonymous_54)","decl":{"start":{"line":670,"column":23},"end":{"line":670,"column":24}},"loc":{"start":{"line":670,"column":49},"end":{"line":700,"column":5}},"line":670},"55":{"name":"(anonymous_55)","decl":{"start":{"line":678,"column":33},"end":{"line":678,"column":34}},"loc":{"start":{"line":678,"column":45},"end":{"line":695,"column":9}},"line":678},"56":{"name":"RetrieveEntity","decl":{"start":{"line":705,"column":9},"end":{"line":705,"column":23}},"loc":{"start":{"line":705,"column":33},"end":{"line":762,"column":1}},"line":705},"57":{"name":"(anonymous_57)","decl":{"start":{"line":712,"column":29},"end":{"line":712,"column":30}},"loc":{"start":{"line":712,"column":41},"end":{"line":755,"column":5}},"line":712},"58":{"name":"pingForAppInsightsContext","decl":{"start":{"line":763,"column":9},"end":{"line":763,"column":34}},"loc":{"start":{"line":763,"column":37},"end":{"line":792,"column":1}},"line":763},"59":{"name":"(anonymous_59)","decl":{"start":{"line":764,"column":40},"end":{"line":764,"column":41}},"loc":{"start":{"line":764,"column":52},"end":{"line":788,"column":5}},"line":764}},"branchMap":{"0":{"loc":{"start":{"line":31,"column":198},"end":{"line":31,"column":219}},"type":"binary-expr","locations":[{"start":{"line":31,"column":198},"end":{"line":31,"column":204}},{"start":{"line":31,"column":206},"end":{"line":31,"column":219}}],"line":31},"1":{"loc":{"start":{"line":31,"column":220},"end":{"line":31,"column":244}},"type":"binary-expr","locations":[{"start":{"line":31,"column":221},"end":{"line":31,"column":227}},{"start":{"line":31,"column":229},"end":{"line":31,"column":233}},{"start":{"line":31,"column":237},"end":{"line":31,"column":243}}],"line":31},"2":{"loc":{"start":{"line":31,"column":251},"end":{"line":31,"column":3658}},"type":"binary-expr","locations":[{"start":{"line":31,"column":251},"end":{"line":31,"column":255}},{"start":{"line":31,"column":257},"end":{"line":31,"column":3658}}],"line":31},"3":{"loc":{"start":{"line":31,"column":434},"end":{"line":31,"column":460}},"type":"binary-expr","locations":[{"start":{"line":31,"column":434},"end":{"line":31,"column":435}},{"start":{"line":31,"column":437},"end":{"line":31,"column":447}},{"start":{"line":31,"column":449},"end":{"line":31,"column":460}}],"line":31},"4":{"loc":{"start":{"line":31,"column":512},"end":{"line":31,"column":527}},"type":"binary-expr","locations":[{"start":{"line":31,"column":512},"end":{"line":31,"column":516}},{"start":{"line":31,"column":518},"end":{"line":31,"column":527}}],"line":31},"5":{"loc":{"start":{"line":31,"column":593},"end":{"line":31,"column":616}},"type":"binary-expr","locations":[{"start":{"line":31,"column":593},"end":{"line":31,"column":605}},{"start":{"line":31,"column":608},"end":{"line":31,"column":615}}],"line":31},"6":{"loc":{"start":{"line":31,"column":955},"end":{"line":31,"column":967}},"type":"binary-expr","locations":[{"start":{"line":31,"column":955},"end":{"line":31,"column":960}},{"start":{"line":31,"column":962},"end":{"line":31,"column":967}}],"line":31},"7":{"loc":{"start":{"line":31,"column":968},"end":{"line":31,"column":2841}},"type":"if","locations":[{"start":{"line":31,"column":968},"end":{"line":31,"column":2841}},{"start":{},"end":{}}],"line":31},"8":{"loc":{"start":{"line":31,"column":1030},"end":{"line":31,"column":2404}},"type":"binary-expr","locations":[{"start":{"line":31,"column":1030},"end":{"line":31,"column":1031}},{"start":{"line":31,"column":1034},"end":{"line":31,"column":2403}}],"line":31},"9":{"loc":{"start":{"line":31,"column":1086},"end":{"line":31,"column":1190}},"type":"if","locations":[{"start":{"line":31,"column":1086},"end":{"line":31,"column":1190}},{"start":{},"end":{}}],"line":31},"10":{"loc":{"start":{"line":31,"column":1156},"end":{"line":31,"column":1189}},"type":"binary-expr","locations":[{"start":{"line":31,"column":1156},"end":{"line":31,"column":1168}},{"start":{"line":31,"column":1171},"end":{"line":31,"column":1188}}],"line":31},"11":{"loc":{"start":{"line":31,"column":1190},"end":{"line":31,"column":1311}},"type":"if","locations":[{"start":{"line":31,"column":1190},"end":{"line":31,"column":1311}},{"start":{},"end":{}}],"line":31},"12":{"loc":{"start":{"line":31,"column":1225},"end":{"line":31,"column":1242}},"type":"cond-expr","locations":[{"start":{"line":31,"column":1227},"end":{"line":31,"column":1237}},{"start":{"line":31,"column":1238},"end":{"line":31,"column":1242}}],"line":31},"13":{"loc":{"start":{"line":31,"column":1260},"end":{"line":31,"column":1270}},"type":"cond-expr","locations":[{"start":{"line":31,"column":1262},"end":{"line":31,"column":1267}},{"start":{"line":31,"column":1268},"end":{"line":31,"column":1270}}],"line":31},"14":{"loc":{"start":{"line":31,"column":1279},"end":{"line":31,"column":1309}},"type":"binary-expr","locations":[{"start":{"line":31,"column":1279},"end":{"line":31,"column":1280}},{"start":{"line":31,"column":1282},"end":{"line":31,"column":1309}}],"line":31},"15":{"loc":{"start":{"line":31,"column":1325},"end":{"line":31,"column":1339}},"type":"binary-expr","locations":[{"start":{"line":31,"column":1325},"end":{"line":31,"column":1329}},{"start":{"line":31,"column":1331},"end":{"line":31,"column":1335}},{"start":{"line":31,"column":1337},"end":{"line":31,"column":1339}}],"line":31},"16":{"loc":{"start":{"line":31,"column":1349},"end":{"line":31,"column":1378}},"type":"cond-expr","locations":[{"start":{"line":31,"column":1351},"end":{"line":31,"column":1364}},{"start":{"line":31,"column":1365},"end":{"line":31,"column":1378}}],"line":31},"17":{"loc":{"start":{"line":31,"column":1779},"end":{"line":31,"column":1805}},"type":"binary-expr","locations":[{"start":{"line":31,"column":1779},"end":{"line":31,"column":1780}},{"start":{"line":31,"column":1782},"end":{"line":31,"column":1792}},{"start":{"line":31,"column":1794},"end":{"line":31,"column":1805}}],"line":31},"18":{"loc":{"start":{"line":31,"column":2165},"end":{"line":31,"column":2397}},"type":"if","locations":[{"start":{"line":31,"column":2165},"end":{"line":31,"column":2397}},{"start":{},"end":{}}],"line":31},"19":{"loc":{"start":{"line":31,"column":2188},"end":{"line":31,"column":2396}},"type":"if","locations":[{"start":{"line":31,"column":2188},"end":{"line":31,"column":2396}},{"start":{"line":31,"column":2260},"end":{"line":31,"column":2396}}],"line":31},"20":{"loc":{"start":{"line":31,"column":2191},"end":{"line":31,"column":2203}},"type":"binary-expr","locations":[{"start":{"line":31,"column":2191},"end":{"line":31,"column":2192}},{"start":{"line":31,"column":2194},"end":{"line":31,"column":2203}}],"line":31},"21":{"loc":{"start":{"line":31,"column":2260},"end":{"line":31,"column":2396}},"type":"if","locations":[{"start":{"line":31,"column":2260},"end":{"line":31,"column":2396}},{"start":{},"end":{}}],"line":31},"22":{"loc":{"start":{"line":31,"column":2421},"end":{"line":31,"column":2467}},"type":"binary-expr","locations":[{"start":{"line":31,"column":2421},"end":{"line":31,"column":2422}},{"start":{"line":31,"column":2424},"end":{"line":31,"column":2467}}],"line":31},"23":{"loc":{"start":{"line":31,"column":2446},"end":{"line":31,"column":2461}},"type":"binary-expr","locations":[{"start":{"line":31,"column":2446},"end":{"line":31,"column":2448}},{"start":{"line":31,"column":2450},"end":{"line":31,"column":2456}},{"start":{"line":31,"column":2458},"end":{"line":31,"column":2461}}],"line":31},"24":{"loc":{"start":{"line":31,"column":2535},"end":{"line":31,"column":2574}},"type":"binary-expr","locations":[{"start":{"line":31,"column":2535},"end":{"line":31,"column":2537}},{"start":{"line":31,"column":2539},"end":{"line":31,"column":2545}},{"start":{"line":31,"column":2547},"end":{"line":31,"column":2564}},{"start":{"line":31,"column":2567},"end":{"line":31,"column":2573}}],"line":31},"25":{"loc":{"start":{"line":31,"column":2633},"end":{"line":31,"column":2691}},"type":"binary-expr","locations":[{"start":{"line":31,"column":2633},"end":{"line":31,"column":2656}},{"start":{"line":31,"column":2658},"end":{"line":31,"column":2683}},{"start":{"line":31,"column":2685},"end":{"line":31,"column":2691}}],"line":31},"26":{"loc":{"start":{"line":31,"column":2698},"end":{"line":31,"column":2840}},"type":"cond-expr","locations":[{"start":{"line":31,"column":2705},"end":{"line":31,"column":2753}},{"start":{"line":31,"column":2754},"end":{"line":31,"column":2840}}],"line":31},"27":{"loc":{"start":{"line":31,"column":2832},"end":{"line":31,"column":2839}},"type":"binary-expr","locations":[{"start":{"line":31,"column":2832},"end":{"line":31,"column":2836}},{"start":{"line":31,"column":2838},"end":{"line":31,"column":2839}}],"line":31},"28":{"loc":{"start":{"line":31,"column":2947},"end":{"line":31,"column":2991}},"type":"binary-expr","locations":[{"start":{"line":31,"column":2947},"end":{"line":31,"column":2948}},{"start":{"line":31,"column":2950},"end":{"line":31,"column":2991}}],"line":31},"29":{"loc":{"start":{"line":31,"column":3363},"end":{"line":31,"column":3419}},"type":"binary-expr","locations":[{"start":{"line":31,"column":3363},"end":{"line":31,"column":3415}},{"start":{"line":31,"column":3417},"end":{"line":31,"column":3419}}],"line":31},"30":{"loc":{"start":{"line":31,"column":3364},"end":{"line":31,"column":3385}},"type":"binary-expr","locations":[{"start":{"line":31,"column":3364},"end":{"line":31,"column":3381}},{"start":{"line":31,"column":3383},"end":{"line":31,"column":3385}}],"line":31},"31":{"loc":{"start":{"line":31,"column":3420},"end":{"line":31,"column":3642}},"type":"if","locations":[{"start":{"line":31,"column":3420},"end":{"line":31,"column":3642}},{"start":{},"end":{}}],"line":31},"32":{"loc":{"start":{"line":31,"column":3423},"end":{"line":31,"column":3443}},"type":"binary-expr","locations":[{"start":{"line":31,"column":3423},"end":{"line":31,"column":3432}},{"start":{"line":31,"column":3434},"end":{"line":31,"column":3443}}],"line":31},"33":{"loc":{"start":{"line":31,"column":3514},"end":{"line":31,"column":3529}},"type":"binary-expr","locations":[{"start":{"line":31,"column":3514},"end":{"line":31,"column":3515}},{"start":{"line":31,"column":3517},"end":{"line":31,"column":3529}}],"line":31},"34":{"loc":{"start":{"line":31,"column":3536},"end":{"line":31,"column":3607}},"type":"binary-expr","locations":[{"start":{"line":31,"column":3536},"end":{"line":31,"column":3542}},{"start":{"line":31,"column":3544},"end":{"line":31,"column":3607}}],"line":31},"35":{"loc":{"start":{"line":31,"column":3672},"end":{"line":31,"column":3693}},"type":"binary-expr","locations":[{"start":{"line":31,"column":3672},"end":{"line":31,"column":3680}},{"start":{"line":31,"column":3682},"end":{"line":31,"column":3693}}],"line":31},"36":{"loc":{"start":{"line":31,"column":3694},"end":{"line":31,"column":3770}},"type":"cond-expr","locations":[{"start":{"line":31,"column":3730},"end":{"line":31,"column":3765}},{"start":{"line":31,"column":3767},"end":{"line":31,"column":3770}}],"line":31},"37":{"loc":{"start":{"line":31,"column":3694},"end":{"line":31,"column":3728}},"type":"binary-expr","locations":[{"start":{"line":31,"column":3694},"end":{"line":31,"column":3708}},{"start":{"line":31,"column":3710},"end":{"line":31,"column":3728}}],"line":31},"38":{"loc":{"start":{"line":147,"column":8},"end":{"line":154,"column":9}},"type":"if","locations":[{"start":{"line":147,"column":8},"end":{"line":154,"column":9}},{"start":{},"end":{}}],"line":147},"39":{"loc":{"start":{"line":309,"column":8},"end":{"line":321,"column":9}},"type":"if","locations":[{"start":{"line":309,"column":8},"end":{"line":321,"column":9}},{"start":{},"end":{}}],"line":309},"40":{"loc":{"start":{"line":345,"column":8},"end":{"line":356,"column":9}},"type":"if","locations":[{"start":{"line":345,"column":8},"end":{"line":356,"column":9}},{"start":{"line":348,"column":13},"end":{"line":356,"column":9}}],"line":345},"41":{"loc":{"start":{"line":348,"column":13},"end":{"line":356,"column":9}},"type":"if","locations":[{"start":{"line":348,"column":13},"end":{"line":356,"column":9}},{"start":{"line":350,"column":15},"end":{"line":356,"column":9}}],"line":348},"42":{"loc":{"start":{"line":426,"column":12},"end":{"line":472,"column":13}},"type":"if","locations":[{"start":{"line":426,"column":12},"end":{"line":472,"column":13}},{"start":{},"end":{}}],"line":426},"43":{"loc":{"start":{"line":428,"column":16},"end":{"line":470,"column":17}},"type":"if","locations":[{"start":{"line":428,"column":16},"end":{"line":470,"column":17}},{"start":{},"end":{}}],"line":428},"44":{"loc":{"start":{"line":438,"column":20},"end":{"line":463,"column":21}},"type":"if","locations":[{"start":{"line":438,"column":20},"end":{"line":463,"column":21}},{"start":{"line":451,"column":25},"end":{"line":463,"column":21}}],"line":438},"45":{"loc":{"start":{"line":488,"column":4},"end":{"line":490,"column":5}},"type":"if","locations":[{"start":{"line":488,"column":4},"end":{"line":490,"column":5}},{"start":{},"end":{}}],"line":488},"46":{"loc":{"start":{"line":522,"column":4},"end":{"line":531,"column":5}},"type":"if","locations":[{"start":{"line":522,"column":4},"end":{"line":531,"column":5}},{"start":{},"end":{}}],"line":522},"47":{"loc":{"start":{"line":567,"column":8},"end":{"line":597,"column":9}},"type":"if","locations":[{"start":{"line":567,"column":8},"end":{"line":597,"column":9}},{"start":{},"end":{}}],"line":567},"48":{"loc":{"start":{"line":571,"column":12},"end":{"line":578,"column":13}},"type":"if","locations":[{"start":{"line":571,"column":12},"end":{"line":578,"column":13}},{"start":{"line":576,"column":19},"end":{"line":578,"column":13}}],"line":571},"49":{"loc":{"start":{"line":579,"column":12},"end":{"line":595,"column":13}},"type":"if","locations":[{"start":{"line":579,"column":12},"end":{"line":595,"column":13}},{"start":{"line":587,"column":17},"end":{"line":595,"column":13}}],"line":579},"50":{"loc":{"start":{"line":621,"column":16},"end":{"line":632,"column":17}},"type":"if","locations":[{"start":{"line":621,"column":16},"end":{"line":632,"column":17}},{"start":{},"end":{}}],"line":621},"51":{"loc":{"start":{"line":623,"column":20},"end":{"line":630,"column":21}},"type":"if","locations":[{"start":{"line":623,"column":20},"end":{"line":630,"column":21}},{"start":{"line":627,"column":25},"end":{"line":630,"column":21}}],"line":623},"52":{"loc":{"start":{"line":679,"column":12},"end":{"line":693,"column":13}},"type":"if","locations":[{"start":{"line":679,"column":12},"end":{"line":693,"column":13}},{"start":{},"end":{}}],"line":679},"53":{"loc":{"start":{"line":681,"column":16},"end":{"line":691,"column":17}},"type":"if","locations":[{"start":{"line":681,"column":16},"end":{"line":691,"column":17}},{"start":{"line":688,"column":21},"end":{"line":691,"column":17}}],"line":681},"54":{"loc":{"start":{"line":713,"column":8},"end":{"line":754,"column":9}},"type":"if","locations":[{"start":{"line":713,"column":8},"end":{"line":754,"column":9}},{"start":{},"end":{}}],"line":713},"55":{"loc":{"start":{"line":715,"column":12},"end":{"line":752,"column":13}},"type":"if","locations":[{"start":{"line":715,"column":12},"end":{"line":752,"column":13}},{"start":{},"end":{}}],"line":715},"56":{"loc":{"start":{"line":725,"column":16},"end":{"line":750,"column":17}},"type":"if","locations":[{"start":{"line":725,"column":16},"end":{"line":750,"column":17}},{"start":{"line":734,"column":21},"end":{"line":750,"column":17}}],"line":725},"57":{"loc":{"start":{"line":765,"column":8},"end":{"line":785,"column":9}},"type":"if","locations":[{"start":{"line":765,"column":8},"end":{"line":785,"column":9}},{"start":{},"end":{}}],"line":765},"58":{"loc":{"start":{"line":766,"column":12},"end":{"line":784,"column":13}},"type":"if","locations":[{"start":{"line":766,"column":12},"end":{"line":784,"column":13}},{"start":{},"end":{}}],"line":766},"59":{"loc":{"start":{"line":767,"column":16},"end":{"line":783,"column":17}},"type":"if","locations":[{"start":{"line":767,"column":16},"end":{"line":783,"column":17}},{"start":{},"end":{}}],"line":767},"60":{"loc":{"start":{"line":773,"column":20},"end":{"line":782,"column":21}},"type":"if","locations":[{"start":{"line":773,"column":20},"end":{"line":782,"column":21}},{"start":{},"end":{}}],"line":773}},"s":{"0":0,"1":0,"2":0,"3":0,"4":0,"5":0,"6":0,"7":0,"8":0,"9":0,"10":0,"11":0,"12":0,"13":0,"14":0,"15":0,"16":0,"17":0,"18":0,"19":0,"20":0,"21":0,"22":0,"23":0,"24":0,"25":0,"26":0,"27":0,"28":0,"29":0,"30":0,"31":0,"32":0,"33":0,"34":0,"35":0,"36":0,"37":0,"38":0,"39":0,"40":0,"41":0,"42":0,"43":0,"44":0,"45":0,"46":0,"47":0,"48":0,"49":0,"50":0,"51":0,"52":0,"53":0,"54":0,"55":0,"56":0,"57":0,"58":0,"59":0,"60":0,"61":0,"62":0,"63":0,"64":0,"65":0,"66":0,"67":0,"68":0,"69":0,"70":0,"71":0,"72":0,"73":0,"74":0,"75":0,"76":0,"77":0,"78":0,"79":0,"80":0,"81":0,"82":0,"83":0,"84":0,"85":0,"86":0,"87":0,"88":0,"89":0,"90":0,"91":0,"92":1,"93":0,"94":0,"95":0,"96":0,"97":0,"98":0,"99":0,"100":0,"101":0,"102":0,"103":0,"104":0,"105":0,"106":0,"107":0,"108":0,"109":0,"110":0,"111":0,"112":0,"113":0,"114":0,"115":0,"116":0,"117":0,"118":0,"119":0,"120":0,"121":0,"122":0,"123":0,"124":0,"125":0,"126":0,"127":0,"128":0,"129":0,"130":0,"131":0,"132":0,"133":0,"134":0,"135":0,"136":0,"137":0,"138":0,"139":0,"140":0,"141":0,"142":0,"143":0,"144":0,"145":0,"146":0,"147":0,"148":0,"149":0,"150":0,"151":0,"152":0,"153":0,"154":0,"155":0,"156":0,"157":0,"158":0,"159":0,"160":0,"161":0,"162":0,"163":0,"164":0,"165":0,"166":0,"167":0,"168":0,"169":0,"170":0,"171":0,"172":0,"173":0,"174":0,"175":0,"176":0,"177":0,"178":0,"179":0,"180":0,"181":0,"182":0,"183":0,"184":0,"185":0,"186":0,"187":0,"188":0,"189":0,"190":0,"191":0,"192":0,"193":0,"194":0,"195":0,"196":0,"197":0,"198":0,"199":0,"200":0,"201":0,"202":0,"203":0,"204":0,"205":0,"206":0,"207":0,"208":0,"209":0,"210":0,"211":0,"212":0,"213":0,"214":0,"215":0,"216":0,"217":0,"218":0,"219":0,"220":0,"221":0,"222":0,"223":0,"224":0,"225":0,"226":0,"227":0,"228":0,"229":0,"230":0,"231":0,"232":0,"233":0,"234":0,"235":0,"236":0,"237":0,"238":0,"239":0,"240":0,"241":0,"242":0,"243":0,"244":0,"245":0,"246":0,"247":0,"248":0,"249":0,"250":0,"251":0,"252":0,"253":0,"254":0,"255":0,"256":0,"257":0,"258":0,"259":0,"260":0,"261":0,"262":0,"263":0,"264":0,"265":0,"266":0,"267":0,"268":0,"269":0,"270":0,"271":0,"272":0,"273":0,"274":0,"275":0,"276":0,"277":0,"278":0,"279":0,"280":0,"281":0,"282":0,"283":0,"284":0,"285":0,"286":0,"287":0,"288":0,"289":0,"290":0,"291":0,"292":0,"293":0,"294":0,"295":0,"296":0,"297":0,"298":0,"299":0,"300":0,"301":0,"302":0,"303":0,"304":0,"305":0,"306":0,"307":0,"308":0,"309":0,"310":0,"311":0,"312":0,"313":0,"314":0,"315":0,"316":0,"317":0,"318":0,"319":0,"320":0,"321":0,"322":0,"323":0,"324":0,"325":0,"326":0,"327":0,"328":0,"329":0,"330":0,"331":0,"332":0,"333":0,"334":0,"335":0,"336":0,"337":0,"338":0,"339":0,"340":0,"341":0,"342":0,"343":0,"344":0,"345":0,"346":0,"347":0,"348":0,"349":0,"350":0,"351":0,"352":0,"353":0,"354":0,"355":0,"356":0,"357":0,"358":0,"359":0,"360":0,"361":0,"362":0,"363":0,"364":0,"365":0,"366":0,"367":0,"368":0,"369":0,"370":0,"371":0,"372":0,"373":0,"374":0,"375":0,"376":0,"377":0,"378":0,"379":0,"380":1},"f":{"0":1,"1":0,"2":0,"3":0,"4":0,"5":0,"6":0,"7":0,"8":0,"9":0,"10":0,"11":0,"12":0,"13":0,"14":0,"15":0,"16":0,"17":0,"18":0,"19":0,"20":0,"21":0,"22":0,"23":0,"24":0,"25":0,"26":0,"27":0,"28":0,"29":0,"30":0,"31":0,"32":0,"33":0,"34":0,"35":0,"36":0,"37":0,"38":0,"39":0,"40":0,"41":0,"42":0,"43":0,"44":0,"45":0,"46":0,"47":0,"48":0,"49":0,"50":0,"51":0,"52":0,"53":0,"54":0,"55":0,"56":0,"57":0,"58":0,"59":0},"b":{"0":[0,0],"1":[0,0,0],"2":[0,0],"3":[0,0,0],"4":[0,0],"5":[0,0],"6":[0,0],"7":[0,0],"8":[0,0],"9":[0,0],"10":[0,0],"11":[0,0],"12":[0,0],"13":[0,0],"14":[0,0],"15":[0,0,0],"16":[0,0],"17":[0,0,0],"18":[0,0],"19":[0,0],"20":[0,0],"21":[0,0],"22":[0,0],"23":[0,0,0],"24":[0,0,0,0],"25":[0,0,0],"26":[0,0],"27":[0,0],"28":[0,0],"29":[0,0],"30":[0,0],"31":[0,0],"32":[0,0],"33":[0,0],"34":[0,0],"35":[0,0],"36":[0,0],"37":[0,0],"38":[0,0],"39":[0,0],"40":[0,0],"41":[0,0],"42":[0,0],"43":[0,0],"44":[0,0],"45":[0,0],"46":[0,0],"47":[0,0],"48":[0,0],"49":[0,0],"50":[0,0],"51":[0,0],"52":[0,0],"53":[0,0],"54":[0,0],"55":[0,0],"56":[0,0],"57":[0,0],"58":[0,0],"59":[0,0],"60":[0,0]},"inputSourceMap":null,"_coverageSchema":"1a1c01bbd47fc00a2c39e90264f33305004495a9","hash":"bc2ad15b8a3f1d6c727234ab1322961395700fec"}
,"C:\\Users\\alyousse\\source\\repos\\github\\D365-Monitoring\\Dynamics365.Monitoring.WebResources\\src\\ts\\contact.ts": {"path":"C:\\Users\\alyousse\\source\\repos\\github\\D365-Monitoring\\Dynamics365.Monitoring.WebResources\\src\\ts\\contact.ts","statementMap":{"0":{"start":{"line":3,"column":26},"end":{"line":3,"column":50}},"1":{"start":{"line":4,"column":6},"end":{"line":4,"column":60}},"2":{"start":{"line":8,"column":28},"end":{"line":8,"column":52}},"3":{"start":{"line":10,"column":21},"end":{"line":10,"column":108}},"4":{"start":{"line":11,"column":8},"end":{"line":11,"column":53}},"5":{"start":{"line":12,"column":8},"end":{"line":23,"column":19}},"6":{"start":{"line":13,"column":12},"end":{"line":22,"column":13}},"7":{"start":{"line":14,"column":26},"end":{"line":14,"column":58}},"8":{"start":{"line":16,"column":16},"end":{"line":21,"column":17}},"9":{"start":{"line":17,"column":20},"end":{"line":17,"column":48}},"10":{"start":{"line":18,"column":20},"end":{"line":18,"column":66}},"11":{"start":{"line":19,"column":20},"end":{"line":19,"column":97}},"12":{"start":{"line":20,"column":20},"end":{"line":20,"column":48}},"13":{"start":{"line":1,"column":0},"end":{"line":1,"column":21}}},"fnMap":{"0":{"name":"(anonymous_0)","decl":{"start":{"line":2,"column":11},"end":{"line":2,"column":17}},"loc":{"start":{"line":2,"column":57},"end":{"line":5,"column":5}}},"1":{"name":"(anonymous_1)","decl":{"start":{"line":7,"column":11},"end":{"line":7,"column":17}},"loc":{"start":{"line":7,"column":70},"end":{"line":24,"column":5}}},"2":{"name":"(anonymous_2)","decl":{"start":{"line":12,"column":70},"end":{"line":12,"column":75}},"loc":{"start":{"line":12,"column":78},"end":{"line":23,"column":9}}}},"branchMap":{"0":{"loc":{"start":{"line":13,"column":12},"end":{"line":22,"column":13}},"type":"if","locations":[{"start":{"line":13,"column":12},"end":{"line":22,"column":13}}]},"1":{"loc":{"start":{"line":16,"column":16},"end":{"line":21,"column":17}},"type":"if","locations":[{"start":{"line":16,"column":16},"end":{"line":21,"column":17}}]}},"s":{"0":1,"1":1,"2":1,"3":1,"4":1,"5":1,"6":1,"7":1,"8":1,"9":1,"10":1,"11":1,"12":1,"13":1},"f":{"0":1,"1":1,"2":1},"b":{"0":[1],"1":[1]}}
}
