TN:
SF:src\js\trackTelemetry.js
FN:2,test
FN:4,captureTelemetry
FN:9,(anonymous_2)
FN:31,(anonymous_3)
FN:31,(anonymous_4)
FN:31,v
FN:31,(anonymous_6)
FN:31,t
FN:31,a
FN:31,(anonymous_9)
FN:31,(anonymous_10)
FN:31,(anonymous_11)
FN:31,i
FN:31,(anonymous_13)
FN:31,(anonymous_14)
FN:31,(anonymous_15)
FN:31,(anonymous_16)
FN:31,t
FN:31,(anonymous_18)
FN:31,(anonymous_19)
FN:31,(anonymous_20)
FN:31,(anonymous_21)
FN:31,a
FN:42,asyncRetrieveInstrumentationKeyEnvironmentVariable
FN:48,(anonymous_24)
FN:57,Demo_SlowPerformance_LoadForm
FN:59,(anonymous_26)
FN:67,uploadResourceTimings
FN:150,(anonymous_28)
FN:164,testApplicationInsights
FN:272,successCallBackCustomEventPush
FN:281,successCallBackAppPropertiesCustomEventPush
FN:295,errorCallBackCustomEventPush
FN:302,testTrackAvailabilityResults
FN:311,success
FN:317,(anonymous_35)
FN:328,testTrackCustomMetric
FN:338,testTrackDependency
FN:353,(anonymous_38)
FN:364,testTrackException
FN:374,testTrackCustomEvent
FN:378,(anonymous_41)
FN:386,trackAttributeChange
FN:416,testTrackRequest
FN:425,(anonymous_44)
FN:483,onSaveTrackEvent
FN:507,testTrackPageView
FN:544,PerformDOMLatency
FN:554,createEntity
FN:566,(anonymous_49)
FN:608,RetrieveEnvironmentVariable
FN:613,(anonymous_51)
FN:620,(anonymous_52)
FN:668,RetrieveEnvironmentVariableDefinition
FN:670,(anonymous_54)
FN:678,(anonymous_55)
FN:705,RetrieveEntity
FN:712,(anonymous_57)
FN:763,pingForAppInsightsContext
FN:764,(anonymous_59)
FNF:60
FNH:1
FNDA:1,test
FNDA:0,captureTelemetry
FNDA:0,(anonymous_2)
FNDA:0,(anonymous_3)
FNDA:0,(anonymous_4)
FNDA:0,v
FNDA:0,(anonymous_6)
FNDA:0,t
FNDA:0,a
FNDA:0,(anonymous_9)
FNDA:0,(anonymous_10)
FNDA:0,(anonymous_11)
FNDA:0,i
FNDA:0,(anonymous_13)
FNDA:0,(anonymous_14)
FNDA:0,(anonymous_15)
FNDA:0,(anonymous_16)
FNDA:0,t
FNDA:0,(anonymous_18)
FNDA:0,(anonymous_19)
FNDA:0,(anonymous_20)
FNDA:0,(anonymous_21)
FNDA:0,a
FNDA:0,asyncRetrieveInstrumentationKeyEnvironmentVariable
FNDA:0,(anonymous_24)
FNDA:0,Demo_SlowPerformance_LoadForm
FNDA:0,(anonymous_26)
FNDA:0,uploadResourceTimings
FNDA:0,(anonymous_28)
FNDA:0,testApplicationInsights
FNDA:0,successCallBackCustomEventPush
FNDA:0,successCallBackAppPropertiesCustomEventPush
FNDA:0,errorCallBackCustomEventPush
FNDA:0,testTrackAvailabilityResults
FNDA:0,success
FNDA:0,(anonymous_35)
FNDA:0,testTrackCustomMetric
FNDA:0,testTrackDependency
FNDA:0,(anonymous_38)
FNDA:0,testTrackException
FNDA:0,testTrackCustomEvent
FNDA:0,(anonymous_41)
FNDA:0,trackAttributeChange
FNDA:0,testTrackRequest
FNDA:0,(anonymous_44)
FNDA:0,onSaveTrackEvent
FNDA:0,testTrackPageView
FNDA:0,PerformDOMLatency
FNDA:0,createEntity
FNDA:0,(anonymous_49)
FNDA:0,RetrieveEnvironmentVariable
FNDA:0,(anonymous_51)
FNDA:0,(anonymous_52)
FNDA:0,RetrieveEnvironmentVariableDefinition
FNDA:0,(anonymous_54)
FNDA:0,(anonymous_55)
FNDA:0,RetrieveEntity
FNDA:0,(anonymous_57)
FNDA:0,pingForAppInsightsContext
FNDA:0,(anonymous_59)
DA:7,0
DA:10,0
DA:11,0
DA:13,0
DA:20,0
DA:31,0
DA:43,0
DA:45,0
DA:48,1
DA:50,0
DA:58,0
DA:59,0
DA:68,0
DA:69,0
DA:70,0
DA:71,0
DA:72,0
DA:73,0
DA:75,0
DA:76,0
DA:78,0
DA:97,0
DA:98,0
DA:100,0
DA:101,0
DA:102,0
DA:103,0
DA:105,0
DA:106,0
DA:107,0
DA:108,0
DA:109,0
DA:110,0
DA:111,0
DA:112,0
DA:116,0
DA:117,0
DA:118,0
DA:119,0
DA:120,0
DA:121,0
DA:122,0
DA:123,0
DA:124,0
DA:125,0
DA:126,0
DA:128,0
DA:143,0
DA:145,0
DA:147,0
DA:148,0
DA:150,0
DA:152,0
DA:159,0
DA:166,0
DA:168,0
DA:170,0
DA:171,0
DA:172,0
DA:173,0
DA:174,0
DA:175,0
DA:177,0
DA:178,0
DA:180,0
DA:199,0
DA:200,0
DA:202,0
DA:207,0
DA:208,0
DA:209,0
DA:213,0
DA:217,0
DA:218,0
DA:220,0
DA:221,0
DA:222,0
DA:223,0
DA:225,0
DA:226,0
DA:227,0
DA:228,0
DA:229,0
DA:230,0
DA:231,0
DA:232,0
DA:233,0
DA:246,0
DA:248,0
DA:252,0
DA:253,0
DA:254,0
DA:258,0
DA:259,0
DA:260,0
DA:266,0
DA:273,0
DA:278,0
DA:282,0
DA:292,0
DA:303,0
DA:304,0
DA:306,0
DA:307,0
DA:308,0
DA:309,0
DA:310,0
DA:312,0
DA:318,0
DA:323,0
DA:325,0
DA:329,0
DA:330,0
DA:331,0
DA:333,0
DA:335,0
DA:339,0
DA:340,0
DA:344,0
DA:345,0
DA:346,0
DA:348,0
DA:349,0
DA:352,0
DA:353,0
DA:354,0
DA:359,0
DA:361,0
DA:365,0
DA:366,0
DA:367,0
DA:369,0
DA:371,0
DA:375,0
DA:376,0
DA:378,0
DA:379,0
DA:382,0
DA:384,0
DA:387,0
DA:388,0
DA:389,0
DA:390,0
DA:391,0
DA:393,0
DA:394,0
DA:396,0
DA:413,0
DA:417,0
DA:418,0
DA:419,0
DA:420,0
DA:421,0
DA:422,0
DA:423,0
DA:424,0
DA:425,0
DA:426,0
DA:427,0
DA:428,0
DA:429,0
DA:430,0
DA:431,0
DA:433,0
DA:434,0
DA:435,0
DA:436,0
DA:438,0
DA:440,0
DA:452,0
DA:453,0
DA:474,0
DA:475,0
DA:476,0
DA:478,0
DA:480,0
DA:485,0
DA:488,0
DA:489,0
DA:497,0
DA:502,0
DA:503,0
DA:504,0
DA:509,0
DA:510,0
DA:511,0
DA:513,0
DA:514,0
DA:522,0
DA:523,0
DA:538,0
DA:545,0
DA:546,0
DA:547,0
DA:548,0
DA:549,0
DA:550,0
DA:551,0
DA:556,0
DA:558,0
DA:560,0
DA:561,0
DA:562,0
DA:563,0
DA:564,0
DA:565,0
DA:566,0
DA:567,0
DA:568,0
DA:569,0
DA:570,0
DA:571,0
DA:572,0
DA:573,0
DA:574,0
DA:575,0
DA:579,0
DA:580,0
DA:588,0
DA:589,0
DA:596,0
DA:599,0
DA:600,0
DA:601,0
DA:613,0
DA:614,0
DA:615,0
DA:616,0
DA:617,0
DA:618,0
DA:619,0
DA:620,0
DA:621,0
DA:622,0
DA:623,0
DA:624,0
DA:625,0
DA:629,0
DA:635,0
DA:670,0
DA:671,0
DA:672,0
DA:674,0
DA:675,0
DA:676,0
DA:677,0
DA:678,0
DA:679,0
DA:681,0
DA:682,0
DA:683,0
DA:684,0
DA:685,0
DA:690,0
DA:696,0
DA:706,0
DA:707,0
DA:708,0
DA:709,0
DA:710,0
DA:711,0
DA:712,0
DA:713,0
DA:714,0
DA:715,0
DA:716,0
DA:717,0
DA:718,0
DA:720,0
DA:721,0
DA:722,0
DA:723,0
DA:725,0
DA:727,0
DA:735,0
DA:736,0
DA:751,0
DA:758,0
DA:759,0
DA:760,0
DA:764,0
DA:765,0
DA:766,0
DA:767,0
DA:769,0
DA:771,0
DA:773,0
DA:774,0
DA:775,0
DA:776,0
DA:777,0
DA:778,0
DA:779,0
DA:781,0
DA:795,1
LF:295
LH:2
BRDA:31,0,0,0
BRDA:31,0,1,0
BRDA:31,1,0,0
BRDA:31,1,1,0
BRDA:31,1,2,0
BRDA:31,2,0,0
BRDA:31,2,1,0
BRDA:31,3,0,0
BRDA:31,3,1,0
BRDA:31,3,2,0
BRDA:31,4,0,0
BRDA:31,4,1,0
BRDA:31,5,0,0
BRDA:31,5,1,0
BRDA:31,6,0,0
BRDA:31,6,1,0
BRDA:31,7,0,0
BRDA:31,7,1,0
BRDA:31,8,0,0
BRDA:31,8,1,0
BRDA:31,9,0,0
BRDA:31,9,1,0
BRDA:31,10,0,0
BRDA:31,10,1,0
BRDA:31,11,0,0
BRDA:31,11,1,0
BRDA:31,12,0,0
BRDA:31,12,1,0
BRDA:31,13,0,0
BRDA:31,13,1,0
BRDA:31,14,0,0
BRDA:31,14,1,0
BRDA:31,15,0,0
BRDA:31,15,1,0
BRDA:31,15,2,0
BRDA:31,16,0,0
BRDA:31,16,1,0
BRDA:31,17,0,0
BRDA:31,17,1,0
BRDA:31,17,2,0
BRDA:31,18,0,0
BRDA:31,18,1,0
BRDA:31,19,0,0
BRDA:31,19,1,0
BRDA:31,20,0,0
BRDA:31,20,1,0
BRDA:31,21,0,0
BRDA:31,21,1,0
BRDA:31,22,0,0
BRDA:31,22,1,0
BRDA:31,23,0,0
BRDA:31,23,1,0
BRDA:31,23,2,0
BRDA:31,24,0,0
BRDA:31,24,1,0
BRDA:31,24,2,0
BRDA:31,24,3,0
BRDA:31,25,0,0
BRDA:31,25,1,0
BRDA:31,25,2,0
BRDA:31,26,0,0
BRDA:31,26,1,0
BRDA:31,27,0,0
BRDA:31,27,1,0
BRDA:31,28,0,0
BRDA:31,28,1,0
BRDA:31,29,0,0
BRDA:31,29,1,0
BRDA:31,30,0,0
BRDA:31,30,1,0
BRDA:31,31,0,0
BRDA:31,31,1,0
BRDA:31,32,0,0
BRDA:31,32,1,0
BRDA:31,33,0,0
BRDA:31,33,1,0
BRDA:31,34,0,0
BRDA:31,34,1,0
BRDA:31,35,0,0
BRDA:31,35,1,0
BRDA:31,36,0,0
BRDA:31,36,1,0
BRDA:31,37,0,0
BRDA:31,37,1,0
BRDA:147,38,0,0
BRDA:147,38,1,0
BRDA:309,39,0,0
BRDA:309,39,1,0
BRDA:345,40,0,0
BRDA:345,40,1,0
BRDA:348,41,0,0
BRDA:348,41,1,0
BRDA:426,42,0,0
BRDA:426,42,1,0
BRDA:428,43,0,0
BRDA:428,43,1,0
BRDA:438,44,0,0
BRDA:438,44,1,0
BRDA:488,45,0,0
BRDA:488,45,1,0
BRDA:522,46,0,0
BRDA:522,46,1,0
BRDA:567,47,0,0
BRDA:567,47,1,0
BRDA:571,48,0,0
BRDA:571,48,1,0
BRDA:579,49,0,0
BRDA:579,49,1,0
BRDA:621,50,0,0
BRDA:621,50,1,0
BRDA:623,51,0,0
BRDA:623,51,1,0
BRDA:679,52,0,0
BRDA:679,52,1,0
BRDA:681,53,0,0
BRDA:681,53,1,0
BRDA:713,54,0,0
BRDA:713,54,1,0
BRDA:715,55,0,0
BRDA:715,55,1,0
BRDA:725,56,0,0
BRDA:725,56,1,0
BRDA:765,57,0,0
BRDA:765,57,1,0
BRDA:766,58,0,0
BRDA:766,58,1,0
BRDA:767,59,0,0
BRDA:767,59,1,0
BRDA:773,60,0,0
BRDA:773,60,1,0
BRF:130
BRH:0
end_of_record
TN:
SF:src\ts\contact.ts
FN:2,(anonymous_0)
FN:7,(anonymous_1)
FN:12,(anonymous_2)
FNF:3
FNH:3
FNDA:1,(anonymous_0)
FNDA:1,(anonymous_1)
FNDA:1,(anonymous_2)
DA:1,1
DA:3,1
DA:4,1
DA:8,1
DA:10,1
DA:11,1
DA:12,1
DA:13,1
DA:14,1
DA:16,1
DA:17,1
DA:18,1
DA:19,1
DA:20,1
LF:14
LH:14
BRDA:13,0,0,1
BRDA:16,1,0,1
BRF:2
BRH:2
end_of_record
